<?xml version="1.0" encoding="UTF-8"?>
<testng-results ignored="0" total="1" passed="1" failed="0" skipped="0">
  <reporter-output>
  </reporter-output>
  <suite started-at="2025-07-25T14:20:58 IST" name="Default suite" finished-at="2025-07-25T14:21:09 IST" duration-ms="10405">
    <groups>
    </groups>
    <test started-at="2025-07-25T14:20:58 IST" name="Default test" finished-at="2025-07-25T14:21:09 IST" duration-ms="10405">
      <class name="pomdemo.ActualTestCase">
        <test-method is-config="true" signature="setup()[pri:0, instance:pomdemo.ActualTestCase@5b12b668]" started-at="2025-07-25T14:20:58 IST" name="setup" finished-at="2025-07-25T14:21:03 IST" duration-ms="5118" status="PASS">
          <reporter-output>
          </reporter-output>
        </test-method> <!-- setup -->
        <test-method signature="test1()[pri:0, instance:pomdemo.ActualTestCase@5b12b668]" started-at="2025-07-25T14:21:03 IST" name="test1" finished-at="2025-07-25T14:21:08 IST" duration-ms="5015" status="PASS">
          <reporter-output>
          </reporter-output>
        </test-method> <!-- test1 -->
        <test-method is-config="true" signature="teardown()[pri:0, instance:pomdemo.ActualTestCase@5b12b668]" started-at="2025-07-25T14:21:08 IST" name="teardown" finished-at="2025-07-25T14:21:09 IST" duration-ms="224" status="PASS">
          <reporter-output>
          </reporter-output>
        </test-method> <!-- teardown -->
      </class> <!-- pomdemo.ActualTestCase -->
    </test> <!-- Default test -->
  </suite> <!-- Default suite -->
</testng-results>
